Started GET "/" for ::1 at 2020-01-07 10:17:39 -0800

PG::ConnectionBad - FATAL:  database "Etzieees_development" does not exist
:

Started POST "/__better_errors/7b1c9ebbb9faacae/variables" for ::1 at 2020-01-07 10:17:39 -0800
  [1m[35m (139.6ms)[0m  [1m[35mCREATE DATABASE "Etzieees_development" ENCODING = 'unicode'[0m
  ↳ bin/rails:9
  [1m[35m (57.4ms)[0m  [1m[35mCREATE DATABASE "Etzieees_test" ENCODING = 'unicode'[0m
  ↳ bin/rails:9
Started GET "/" for ::1 at 2020-01-07 10:18:44 -0800
Processing by StaticPagesController#root as HTML
  Rendering static_pages/root.html.erb within layouts/application
  Rendered static_pages/root.html.erb within layouts/application (1.0ms)
Completed 200 OK in 1562ms (Views: 1560.8ms | ActiveRecord: 0.0ms)


  [1m[35m (42.7ms)[0m  [1m[35mCREATE TABLE "schema_migrations" ("version" character varying NOT NULL PRIMARY KEY)[0m
  ↳ bin/rails:9
  [1m[35m (5.9ms)[0m  [1m[35mCREATE TABLE "ar_internal_metadata" ("key" character varying NOT NULL PRIMARY KEY, "value" character varying, "created_at" timestamp NOT NULL, "updated_at" timestamp NOT NULL)[0m
  ↳ bin/rails:9
  [1m[35m (0.6ms)[0m  [1m[34mSELECT pg_try_advisory_lock(5025702677372795880)[0m
  ↳ bin/rails:9
  [1m[35m (0.6ms)[0m  [1m[34mSELECT "schema_migrations"."version" FROM "schema_migrations" ORDER BY "schema_migrations"."version" ASC[0m
  ↳ bin/rails:9
Migrating to CreateUsers (20200107182711)
  [1m[35m (0.2ms)[0m  [1m[35mBEGIN[0m
  ↳ bin/rails:9
  [1m[35m (7.5ms)[0m  [1m[35mCREATE TABLE "users" ("id" bigserial primary key, "email" character varying NOT NULL, "password_digest" character varying NOT NULL, "session_token" character varying NOT NULL, "created_at" timestamp NOT NULL, "updated_at" timestamp NOT NULL)[0m
  ↳ db/migrate/20200107182711_create_users.rb:3
  [1m[35m (1.1ms)[0m  [1m[35mCREATE UNIQUE INDEX  "index_users_on_email" ON "users"  ("email")[0m
  ↳ db/migrate/20200107182711_create_users.rb:11
  [1m[35m (1.0ms)[0m  [1m[35mCREATE UNIQUE INDEX  "index_users_on_session_token" ON "users"  ("session_token")[0m
  ↳ db/migrate/20200107182711_create_users.rb:12
  [1m[36mActiveRecord::SchemaMigration Create (0.4ms)[0m  [1m[32mINSERT INTO "schema_migrations" ("version") VALUES ($1) RETURNING "version"[0m  [["version", "20200107182711"]]
  ↳ bin/rails:9
  [1m[35m (0.4ms)[0m  [1m[35mCOMMIT[0m
  ↳ bin/rails:9
  [1m[36mActiveRecord::InternalMetadata Load (0.7ms)[0m  [1m[34mSELECT  "ar_internal_metadata".* FROM "ar_internal_metadata" WHERE "ar_internal_metadata"."key" = $1 LIMIT $2[0m  [["key", "environment"], ["LIMIT", 1]]
  ↳ bin/rails:9
  [1m[35m (0.1ms)[0m  [1m[35mBEGIN[0m
  ↳ bin/rails:9
  [1m[36mActiveRecord::InternalMetadata Create (0.5ms)[0m  [1m[32mINSERT INTO "ar_internal_metadata" ("key", "value", "created_at", "updated_at") VALUES ($1, $2, $3, $4) RETURNING "key"[0m  [["key", "environment"], ["value", "development"], ["created_at", "2020-01-07 19:08:39.325009"], ["updated_at", "2020-01-07 19:08:39.325009"]]
  ↳ bin/rails:9
  [1m[35m (0.3ms)[0m  [1m[35mCOMMIT[0m
  ↳ bin/rails:9
  [1m[35m (0.2ms)[0m  [1m[34mSELECT pg_advisory_unlock(5025702677372795880)[0m
  ↳ bin/rails:9
  [1m[35m (0.5ms)[0m  [1m[34mSELECT "schema_migrations"."version" FROM "schema_migrations" ORDER BY "schema_migrations"."version" ASC[0m
  ↳ bin/rails:9
Started GET "/api/user" for ::1 at 2020-01-07 11:55:32 -0800
  [1m[35m (0.8ms)[0m  [1m[34mSELECT "schema_migrations"."version" FROM "schema_migrations" ORDER BY "schema_migrations"."version" ASC[0m
  ↳ /Users/cdang/.rbenv/versions/2.5.1/lib/ruby/gems/2.5.0/gems/activerecord-5.2.4.1/lib/active_record/log_subscriber.rb:98

NoMethodError - undefined method `protect_from_forery' for ApplicationController:Class
Did you mean?  protect_from_forgery:
  app/controllers/application_controller.rb:2:in `<class:ApplicationController>'
  app/controllers/application_controller.rb:1:in `<top (required)>'
  app/controllers/api/users_controller.rb:1:in `<top (required)>'

Started POST "/__better_errors/19d37bac141ac9cd/variables" for ::1 at 2020-01-07 11:55:32 -0800
Started GET "/api/user" for ::1 at 2020-01-07 11:55:58 -0800

AbstractController::ActionNotFound - The action 'show' could not be found for Api::UsersController:

Started POST "/__better_errors/e8b09c16fe094747/variables" for ::1 at 2020-01-07 11:55:59 -0800
Started GET "/api/users" for ::1 at 2020-01-07 11:56:20 -0800
  
ActionController::RoutingError (No route matches [GET] "/api/users"):
  
actionpack (5.2.4.1) lib/action_dispatch/middleware/debug_exceptions.rb:65:in `call'
web-console (3.7.0) lib/web_console/middleware.rb:135:in `call_app'
web-console (3.7.0) lib/web_console/middleware.rb:30:in `block in call'
web-console (3.7.0) lib/web_console/middleware.rb:20:in `catch'
web-console (3.7.0) lib/web_console/middleware.rb:20:in `call'
actionpack (5.2.4.1) lib/action_dispatch/middleware/show_exceptions.rb:33:in `call'
railties (5.2.4.1) lib/rails/rack/logger.rb:38:in `call_app'
railties (5.2.4.1) lib/rails/rack/logger.rb:26:in `block in call'
activesupport (5.2.4.1) lib/active_support/tagged_logging.rb:71:in `block in tagged'
activesupport (5.2.4.1) lib/active_support/tagged_logging.rb:28:in `tagged'
activesupport (5.2.4.1) lib/active_support/tagged_logging.rb:71:in `tagged'
railties (5.2.4.1) lib/rails/rack/logger.rb:26:in `call'
sprockets-rails (3.2.1) lib/sprockets/rails/quiet_assets.rb:13:in `call'
actionpack (5.2.4.1) lib/action_dispatch/middleware/remote_ip.rb:81:in `call'
actionpack (5.2.4.1) lib/action_dispatch/middleware/request_id.rb:27:in `call'
rack (2.0.8) lib/rack/method_override.rb:22:in `call'
rack (2.0.8) lib/rack/runtime.rb:22:in `call'
activesupport (5.2.4.1) lib/active_support/cache/strategy/local_cache_middleware.rb:29:in `call'
actionpack (5.2.4.1) lib/action_dispatch/middleware/executor.rb:14:in `call'
actionpack (5.2.4.1) lib/action_dispatch/middleware/static.rb:127:in `call'
rack (2.0.8) lib/rack/sendfile.rb:111:in `call'
railties (5.2.4.1) lib/rails/engine.rb:524:in `call'
puma (3.12.2) lib/puma/configuration.rb:227:in `call'
puma (3.12.2) lib/puma/server.rb:674:in `handle_request'
puma (3.12.2) lib/puma/server.rb:476:in `process_client'
puma (3.12.2) lib/puma/server.rb:334:in `block in run'
puma (3.12.2) lib/puma/thread_pool.rb:135:in `block in spawn_thread'
Started GET "/api/user" for ::1 at 2020-01-07 11:56:25 -0800

AbstractController::ActionNotFound - The action 'show' could not be found for Api::UsersController:

Started POST "/__better_errors/f2b6e2c50b362e98/variables" for ::1 at 2020-01-07 11:56:25 -0800
Started GET "/api/user" for ::1 at 2020-01-07 12:00:03 -0800

AbstractController::ActionNotFound - The action 'show' could not be found for Api::UsersController:

Started POST "/__better_errors/d08ea2ecd433bb17/variables" for ::1 at 2020-01-07 12:00:04 -0800
Started GET "/api/user/show" for ::1 at 2020-01-07 12:00:19 -0800
  
ActionController::RoutingError (No route matches [GET] "/api/user/show"):
  
actionpack (5.2.4.1) lib/action_dispatch/middleware/debug_exceptions.rb:65:in `call'
web-console (3.7.0) lib/web_console/middleware.rb:135:in `call_app'
web-console (3.7.0) lib/web_console/middleware.rb:30:in `block in call'
web-console (3.7.0) lib/web_console/middleware.rb:20:in `catch'
web-console (3.7.0) lib/web_console/middleware.rb:20:in `call'
actionpack (5.2.4.1) lib/action_dispatch/middleware/show_exceptions.rb:33:in `call'
railties (5.2.4.1) lib/rails/rack/logger.rb:38:in `call_app'
railties (5.2.4.1) lib/rails/rack/logger.rb:26:in `block in call'
activesupport (5.2.4.1) lib/active_support/tagged_logging.rb:71:in `block in tagged'
activesupport (5.2.4.1) lib/active_support/tagged_logging.rb:28:in `tagged'
activesupport (5.2.4.1) lib/active_support/tagged_logging.rb:71:in `tagged'
railties (5.2.4.1) lib/rails/rack/logger.rb:26:in `call'
sprockets-rails (3.2.1) lib/sprockets/rails/quiet_assets.rb:13:in `call'
actionpack (5.2.4.1) lib/action_dispatch/middleware/remote_ip.rb:81:in `call'
actionpack (5.2.4.1) lib/action_dispatch/middleware/request_id.rb:27:in `call'
rack (2.0.8) lib/rack/method_override.rb:22:in `call'
rack (2.0.8) lib/rack/runtime.rb:22:in `call'
activesupport (5.2.4.1) lib/active_support/cache/strategy/local_cache_middleware.rb:29:in `call'
actionpack (5.2.4.1) lib/action_dispatch/middleware/executor.rb:14:in `call'
actionpack (5.2.4.1) lib/action_dispatch/middleware/static.rb:127:in `call'
rack (2.0.8) lib/rack/sendfile.rb:111:in `call'
railties (5.2.4.1) lib/rails/engine.rb:524:in `call'
puma (3.12.2) lib/puma/configuration.rb:227:in `call'
puma (3.12.2) lib/puma/server.rb:674:in `handle_request'
puma (3.12.2) lib/puma/server.rb:476:in `process_client'
puma (3.12.2) lib/puma/server.rb:334:in `block in run'
puma (3.12.2) lib/puma/thread_pool.rb:135:in `block in spawn_thread'
Started GET "/api/user" for ::1 at 2020-01-07 12:00:25 -0800

AbstractController::ActionNotFound - The action 'show' could not be found for Api::UsersController:

Started POST "/__better_errors/c15befeb1430f5b5/variables" for ::1 at 2020-01-07 12:00:25 -0800
Started GET "/api" for ::1 at 2020-01-07 12:06:17 -0800
  
ActionController::RoutingError (No route matches [GET] "/api"):
  
actionpack (5.2.4.1) lib/action_dispatch/middleware/debug_exceptions.rb:65:in `call'
web-console (3.7.0) lib/web_console/middleware.rb:135:in `call_app'
web-console (3.7.0) lib/web_console/middleware.rb:30:in `block in call'
web-console (3.7.0) lib/web_console/middleware.rb:20:in `catch'
web-console (3.7.0) lib/web_console/middleware.rb:20:in `call'
actionpack (5.2.4.1) lib/action_dispatch/middleware/show_exceptions.rb:33:in `call'
railties (5.2.4.1) lib/rails/rack/logger.rb:38:in `call_app'
railties (5.2.4.1) lib/rails/rack/logger.rb:26:in `block in call'
activesupport (5.2.4.1) lib/active_support/tagged_logging.rb:71:in `block in tagged'
activesupport (5.2.4.1) lib/active_support/tagged_logging.rb:28:in `tagged'
activesupport (5.2.4.1) lib/active_support/tagged_logging.rb:71:in `tagged'
railties (5.2.4.1) lib/rails/rack/logger.rb:26:in `call'
sprockets-rails (3.2.1) lib/sprockets/rails/quiet_assets.rb:13:in `call'
actionpack (5.2.4.1) lib/action_dispatch/middleware/remote_ip.rb:81:in `call'
actionpack (5.2.4.1) lib/action_dispatch/middleware/request_id.rb:27:in `call'
rack (2.0.8) lib/rack/method_override.rb:22:in `call'
rack (2.0.8) lib/rack/runtime.rb:22:in `call'
activesupport (5.2.4.1) lib/active_support/cache/strategy/local_cache_middleware.rb:29:in `call'
actionpack (5.2.4.1) lib/action_dispatch/middleware/executor.rb:14:in `call'
actionpack (5.2.4.1) lib/action_dispatch/middleware/static.rb:127:in `call'
rack (2.0.8) lib/rack/sendfile.rb:111:in `call'
railties (5.2.4.1) lib/rails/engine.rb:524:in `call'
puma (3.12.2) lib/puma/configuration.rb:227:in `call'
puma (3.12.2) lib/puma/server.rb:674:in `handle_request'
puma (3.12.2) lib/puma/server.rb:476:in `process_client'
puma (3.12.2) lib/puma/server.rb:334:in `block in run'
puma (3.12.2) lib/puma/thread_pool.rb:135:in `block in spawn_thread'
Started GET "/" for ::1 at 2020-01-07 12:06:22 -0800
Processing by StaticPagesController#root as HTML
  Rendering static_pages/root.html.erb within layouts/application
  Rendered static_pages/root.html.erb within layouts/application (0.2ms)
Completed 200 OK in 306ms (Views: 304.3ms | ActiveRecord: 0.0ms)


Started GET "/" for ::1 at 2020-01-07 13:52:11 -0800
Processing by StaticPagesController#root as HTML
  Rendering static_pages/root.html.erb within layouts/application
  Rendered static_pages/root.html.erb within layouts/application (0.2ms)
Completed 200 OK in 36ms (Views: 34.1ms | ActiveRecord: 0.0ms)


Started GET "/" for ::1 at 2020-01-07 14:05:57 -0800
Processing by StaticPagesController#root as HTML
  Rendering static_pages/root.html.erb within layouts/application
  Rendered static_pages/root.html.erb within layouts/application (0.3ms)
Completed 200 OK in 31ms (Views: 30.2ms | ActiveRecord: 0.0ms)


Started GET "/" for ::1 at 2020-01-07 14:19:29 -0800
Processing by StaticPagesController#root as HTML
  Rendering static_pages/root.html.erb within layouts/application
  Rendered static_pages/root.html.erb within layouts/application (0.2ms)
Completed 200 OK in 32ms (Views: 30.5ms | ActiveRecord: 0.0ms)


Started GET "/" for ::1 at 2020-01-07 14:36:11 -0800
Processing by StaticPagesController#root as HTML
  Rendering static_pages/root.html.erb within layouts/application
  Rendered static_pages/root.html.erb within layouts/application (0.2ms)
Completed 200 OK in 29ms (Views: 27.2ms | ActiveRecord: 0.0ms)


Started GET "/" for ::1 at 2020-01-07 15:15:19 -0800
Processing by StaticPagesController#root as HTML
  Rendering static_pages/root.html.erb within layouts/application
  Rendered static_pages/root.html.erb within layouts/application (0.2ms)
Completed 200 OK in 622ms (Views: 620.6ms | ActiveRecord: 0.0ms)


Started GET "/" for ::1 at 2020-01-07 15:16:41 -0800
Processing by StaticPagesController#root as HTML
  Rendering static_pages/root.html.erb within layouts/application
  Rendered static_pages/root.html.erb within layouts/application (0.2ms)
Completed 200 OK in 582ms (Views: 580.9ms | ActiveRecord: 0.0ms)


Started GET "/" for ::1 at 2020-01-07 15:17:36 -0800
Processing by StaticPagesController#root as HTML
  Rendering static_pages/root.html.erb within layouts/application
  Rendered static_pages/root.html.erb within layouts/application (0.2ms)
Completed 200 OK in 608ms (Views: 606.3ms | ActiveRecord: 0.0ms)


Started GET "/" for ::1 at 2020-01-07 15:20:09 -0800
Processing by StaticPagesController#root as HTML
  Rendering static_pages/root.html.erb within layouts/application
  Rendered static_pages/root.html.erb within layouts/application (0.3ms)
Completed 200 OK in 702ms (Views: 700.6ms | ActiveRecord: 0.0ms)


Started GET "/" for ::1 at 2020-01-07 15:24:59 -0800
Processing by StaticPagesController#root as HTML
  Rendering static_pages/root.html.erb within layouts/application
  Rendered static_pages/root.html.erb within layouts/application (0.2ms)
Completed 200 OK in 597ms (Views: 595.5ms | ActiveRecord: 0.0ms)


Started GET "/" for ::1 at 2020-01-07 15:25:45 -0800
Processing by StaticPagesController#root as HTML
  Rendering static_pages/root.html.erb within layouts/application
  Rendered static_pages/root.html.erb within layouts/application (0.3ms)
Completed 200 OK in 20ms (Views: 18.8ms | ActiveRecord: 0.0ms)


Started POST "/api/session" for ::1 at 2020-01-07 15:27:04 -0800
Processing by Api::SessionsController#create as JSON
  Parameters: {"user"=>{"email"=>"people@yahoo.com", "password"=>"[FILTERED]"}}
Can't verify CSRF token authenticity.
Completed 422 Unprocessable Entity in 1ms (ActiveRecord: 0.0ms)



ActionController::InvalidAuthenticityToken - ActionController::InvalidAuthenticityToken:

Started GET "/" for ::1 at 2020-01-07 15:27:29 -0800
Processing by StaticPagesController#root as HTML
  Rendering static_pages/root.html.erb within layouts/application
  Rendered static_pages/root.html.erb within layouts/application (0.2ms)
Completed 200 OK in 17ms (Views: 16.1ms | ActiveRecord: 0.0ms)


Started POST "/api/user" for ::1 at 2020-01-07 15:27:44 -0800
Processing by Api::UsersController#create as JSON
  Parameters: {"user"=>{"email"=>"new_user@yahoo.com", "password"=>"[FILTERED]"}}
Can't verify CSRF token authenticity.
Completed 422 Unprocessable Entity in 1ms (ActiveRecord: 0.0ms)



ActionController::InvalidAuthenticityToken - ActionController::InvalidAuthenticityToken:

Started POST "/api/user" for ::1 at 2020-01-07 15:30:40 -0800
Processing by Api::UsersController#create as JSON
  Parameters: {"user"=>{"email"=>"new_user@yahoo.com", "password"=>"[FILTERED]"}}
Can't verify CSRF token authenticity.
Completed 422 Unprocessable Entity in 0ms (ActiveRecord: 0.0ms)



ActionController::InvalidAuthenticityToken - ActionController::InvalidAuthenticityToken:

Started GET "/" for ::1 at 2020-01-07 15:30:42 -0800
Processing by StaticPagesController#root as HTML
  Rendering static_pages/root.html.erb within layouts/application
  Rendered static_pages/root.html.erb within layouts/application (0.2ms)
Completed 200 OK in 23ms (Views: 21.7ms | ActiveRecord: 0.0ms)


Started POST "/api/user" for ::1 at 2020-01-07 15:30:56 -0800
Processing by Api::UsersController#create as JSON
  Parameters: {"user"=>{"email"=>"newuser@yahoo.com", "password"=>"[FILTERED]"}}
Can't verify CSRF token authenticity.
Completed 422 Unprocessable Entity in 0ms (ActiveRecord: 0.0ms)



ActionController::InvalidAuthenticityToken - ActionController::InvalidAuthenticityToken:

Started GET "/" for ::1 at 2020-01-07 15:32:27 -0800
Processing by StaticPagesController#root as HTML
  Rendering static_pages/root.html.erb within layouts/application
  Rendered static_pages/root.html.erb within layouts/application (0.3ms)
Completed 200 OK in 22ms (Views: 20.5ms | ActiveRecord: 0.0ms)


Started POST "/api/user" for ::1 at 2020-01-07 15:32:35 -0800
Processing by Api::UsersController#create as JSON
  Parameters: {"user"=>{"email"=>"newuser@yahoo.com", "password"=>"[FILTERED]"}}
  [1m[36mUser Load (3.8ms)[0m  [1m[34mSELECT  "users".* FROM "users" WHERE "users"."session_token" = $1 LIMIT $2[0m  [["session_token", "00rrRHtTvvX87IqIk2b75w"], ["LIMIT", 1]]
  ↳ app/models/user.rb:43
  [1m[35m (0.1ms)[0m  [1m[35mBEGIN[0m
  ↳ app/controllers/api/users_controller.rb:5
  [1m[36mUser Exists (0.3ms)[0m  [1m[34mSELECT  1 AS one FROM "users" WHERE "users"."email" = $1 LIMIT $2[0m  [["email", "newuser@yahoo.com"], ["LIMIT", 1]]
  ↳ app/controllers/api/users_controller.rb:5
  [1m[36mUser Create (1.9ms)[0m  [1m[32mINSERT INTO "users" ("email", "password_digest", "session_token", "created_at", "updated_at") VALUES ($1, $2, $3, $4, $5) RETURNING "id"[0m  [["email", "newuser@yahoo.com"], ["password_digest", "$2a$12$KT5eA/UGZ8QyU8wt1ghJruGMS10oTHwmwe/4RdZOpmPjwu5n7vk6O"], ["session_token", "00rrRHtTvvX87IqIk2b75w"], ["created_at", "2020-01-07 23:32:36.019560"], ["updated_at", "2020-01-07 23:32:36.019560"]]
  ↳ app/controllers/api/users_controller.rb:5
  [1m[35m (0.8ms)[0m  [1m[35mCOMMIT[0m
  ↳ app/controllers/api/users_controller.rb:5
  [1m[36mUser Load (0.2ms)[0m  [1m[34mSELECT  "users".* FROM "users" WHERE "users"."session_token" = $1 LIMIT $2[0m  [["session_token", "hVWBbKJhNOrXvzd8qo_E1Q"], ["LIMIT", 1]]
  ↳ app/models/user.rb:43
  [1m[35m (0.1ms)[0m  [1m[35mBEGIN[0m
  ↳ app/models/user.rb:27
  [1m[36mUser Exists (0.9ms)[0m  [1m[34mSELECT  1 AS one FROM "users" WHERE "users"."email" = $1 AND "users"."id" != $2 LIMIT $3[0m  [["email", "newuser@yahoo.com"], ["id", 1], ["LIMIT", 1]]
  ↳ app/models/user.rb:27
  [1m[36mUser Update (0.5ms)[0m  [1m[33mUPDATE "users" SET "session_token" = $1, "updated_at" = $2 WHERE "users"."id" = $3[0m  [["session_token", "hVWBbKJhNOrXvzd8qo_E1Q"], ["updated_at", "2020-01-07 23:32:36.037406"], ["id", 1]]
  ↳ app/models/user.rb:27
  [1m[35m (0.3ms)[0m  [1m[35mCOMMIT[0m
  ↳ app/models/user.rb:27
Completed 500 Internal Server Error in 241ms (ActiveRecord: 18.0ms)



ActionView::MissingTemplate - Missing template api/user/show with {:locale=>[:en], :formats=>[:json], :variants=>[], :handlers=>[:raw, :erb, :html, :builder, :ruby, :coffee, :jbuilder]}. Searched in:
  * "/Users/cdang/Desktop/Etzieees/app/views"
:
  app/controllers/api/users_controller.rb:7:in `create'

Started POST "/api/user" for ::1 at 2020-01-07 15:32:57 -0800
Processing by Api::UsersController#create as JSON
  Parameters: {"user"=>{"email"=>"newuser@yahoo.com", "password"=>"[FILTERED]"}}
  [1m[36mUser Load (0.3ms)[0m  [1m[34mSELECT  "users".* FROM "users" WHERE "users"."session_token" = $1 LIMIT $2[0m  [["session_token", "VbGSQpUhUOgnzjkc_N2tIw"], ["LIMIT", 1]]
  ↳ app/models/user.rb:43
  [1m[35m (0.1ms)[0m  [1m[35mBEGIN[0m
  ↳ app/controllers/api/users_controller.rb:5
  [1m[36mUser Exists (0.3ms)[0m  [1m[34mSELECT  1 AS one FROM "users" WHERE "users"."email" = $1 LIMIT $2[0m  [["email", "newuser@yahoo.com"], ["LIMIT", 1]]
  ↳ app/controllers/api/users_controller.rb:5
  [1m[35m (0.2ms)[0m  [1m[31mROLLBACK[0m
  ↳ app/controllers/api/users_controller.rb:5
Completed 422 Unprocessable Entity in 210ms (Views: 0.1ms | ActiveRecord: 0.8ms)


Started GET "/" for ::1 at 2020-01-07 15:34:21 -0800
Processing by StaticPagesController#root as HTML
  Rendering static_pages/root.html.erb within layouts/application
  Rendered static_pages/root.html.erb within layouts/application (0.2ms)
Completed 200 OK in 20ms (Views: 18.8ms | ActiveRecord: 0.0ms)


Started GET "/" for ::1 at 2020-01-07 15:34:22 -0800
Processing by StaticPagesController#root as HTML
  Rendering static_pages/root.html.erb within layouts/application
  Rendered static_pages/root.html.erb within layouts/application (0.2ms)
Completed 200 OK in 21ms (Views: 19.6ms | ActiveRecord: 0.0ms)


Started POST "/api/user" for ::1 at 2020-01-07 15:34:29 -0800
Processing by Api::UsersController#create as JSON
  Parameters: {"user"=>{"email"=>"something@yahoo.com", "password"=>"[FILTERED]"}}
  [1m[36mUser Load (0.3ms)[0m  [1m[34mSELECT  "users".* FROM "users" WHERE "users"."session_token" = $1 LIMIT $2[0m  [["session_token", "aZZgYQsfQLyH_Smj82SlSw"], ["LIMIT", 1]]
  ↳ app/models/user.rb:43
  [1m[35m (0.1ms)[0m  [1m[35mBEGIN[0m
  ↳ app/controllers/api/users_controller.rb:5
  [1m[36mUser Exists (0.2ms)[0m  [1m[34mSELECT  1 AS one FROM "users" WHERE "users"."email" = $1 LIMIT $2[0m  [["email", "something@yahoo.com"], ["LIMIT", 1]]
  ↳ app/controllers/api/users_controller.rb:5
  [1m[36mUser Create (0.2ms)[0m  [1m[32mINSERT INTO "users" ("email", "password_digest", "session_token", "created_at", "updated_at") VALUES ($1, $2, $3, $4, $5) RETURNING "id"[0m  [["email", "something@yahoo.com"], ["password_digest", "$2a$12$q05NCBgYo9Ph/fLtDX0.Ie0Z5JaQliePvF7IEir.6jTwNj5U1qpAu"], ["session_token", "aZZgYQsfQLyH_Smj82SlSw"], ["created_at", "2020-01-07 23:34:29.942438"], ["updated_at", "2020-01-07 23:34:29.942438"]]
  ↳ app/controllers/api/users_controller.rb:5
  [1m[35m (0.5ms)[0m  [1m[35mCOMMIT[0m
  ↳ app/controllers/api/users_controller.rb:5
  [1m[36mUser Load (0.2ms)[0m  [1m[34mSELECT  "users".* FROM "users" WHERE "users"."session_token" = $1 LIMIT $2[0m  [["session_token", "D9wLe7g-L5WjTWwhXrkbPA"], ["LIMIT", 1]]
  ↳ app/models/user.rb:43
  [1m[35m (0.1ms)[0m  [1m[35mBEGIN[0m
  ↳ app/models/user.rb:27
  [1m[36mUser Exists (0.4ms)[0m  [1m[34mSELECT  1 AS one FROM "users" WHERE "users"."email" = $1 AND "users"."id" != $2 LIMIT $3[0m  [["email", "something@yahoo.com"], ["id", 2], ["LIMIT", 1]]
  ↳ app/models/user.rb:27
  [1m[36mUser Update (0.7ms)[0m  [1m[33mUPDATE "users" SET "session_token" = $1, "updated_at" = $2 WHERE "users"."id" = $3[0m  [["session_token", "D9wLe7g-L5WjTWwhXrkbPA"], ["updated_at", "2020-01-07 23:34:29.952599"], ["id", 2]]
  ↳ app/models/user.rb:27
  [1m[35m (0.3ms)[0m  [1m[35mCOMMIT[0m
  ↳ app/models/user.rb:27
Completed 500 Internal Server Error in 211ms (ActiveRecord: 3.1ms)



ActionView::MissingTemplate - Missing template api/user/show with {:locale=>[:en], :formats=>[:json], :variants=>[], :handlers=>[:raw, :erb, :html, :builder, :ruby, :coffee, :jbuilder]}. Searched in:
  * "/Users/cdang/Desktop/Etzieees/app/views"
:
  app/controllers/api/users_controller.rb:7:in `create'

Started GET "/" for ::1 at 2020-01-07 15:35:34 -0800
Processing by StaticPagesController#root as HTML
  Rendering static_pages/root.html.erb within layouts/application
  Rendered static_pages/root.html.erb within layouts/application (0.3ms)
Completed 200 OK in 21ms (Views: 19.7ms | ActiveRecord: 0.0ms)


Started POST "/api/session" for ::1 at 2020-01-07 15:35:41 -0800
Processing by Api::SessionsController#create as JSON
  Parameters: {"user"=>{"email"=>"something@yahoo.com", "password"=>"[FILTERED]"}}
Completed 500 Internal Server Error in 7ms (ActiveRecord: 0.0ms)



NameError - undefined local variable or method `email' for #<Class:0x00007fd07dcc0e70>:
  app/models/user.rb:11:in `find_by_credentials'
  app/controllers/api/sessions_controller.rb:3:in `create'

Started GET "/" for ::1 at 2020-01-07 15:36:48 -0800
Processing by StaticPagesController#root as HTML
  Rendering static_pages/root.html.erb within layouts/application
  Rendered static_pages/root.html.erb within layouts/application (0.3ms)
Completed 200 OK in 19ms (Views: 18.2ms | ActiveRecord: 0.0ms)


Started POST "/api/session" for ::1 at 2020-01-07 15:36:55 -0800
Processing by Api::SessionsController#create as JSON
  Parameters: {"user"=>{"email"=>"something@yahoo.com", "password"=>"[FILTERED]"}}
  [1m[36mUser Load (0.2ms)[0m  [1m[34mSELECT  "users".* FROM "users" WHERE "users"."email" = $1 LIMIT $2[0m  [["email", "something@yahoo.com"], ["LIMIT", 1]]
  ↳ app/models/user.rb:11
  [1m[36mUser Load (0.3ms)[0m  [1m[34mSELECT  "users".* FROM "users" WHERE "users"."session_token" = $1 LIMIT $2[0m  [["session_token", "Ud9IrGlfrai7TFoplq52ug"], ["LIMIT", 1]]
  ↳ app/models/user.rb:43
  [1m[35m (0.1ms)[0m  [1m[35mBEGIN[0m
  ↳ app/models/user.rb:27
  [1m[36mUser Exists (0.3ms)[0m  [1m[34mSELECT  1 AS one FROM "users" WHERE "users"."email" = $1 AND "users"."id" != $2 LIMIT $3[0m  [["email", "something@yahoo.com"], ["id", 2], ["LIMIT", 1]]
  ↳ app/models/user.rb:27
  [1m[36mUser Update (0.2ms)[0m  [1m[33mUPDATE "users" SET "session_token" = $1, "updated_at" = $2 WHERE "users"."id" = $3[0m  [["session_token", "Ud9IrGlfrai7TFoplq52ug"], ["updated_at", "2020-01-07 23:36:56.209477"], ["id", 2]]
  ↳ app/models/user.rb:27
  [1m[35m (0.5ms)[0m  [1m[35mCOMMIT[0m
  ↳ app/models/user.rb:27
  Rendering api/users/show.json.jbuilder
  Rendered api/users/_user.json.jbuilder (0.4ms)
  Rendered api/users/show.json.jbuilder (1.6ms)
Completed 200 OK in 217ms (Views: 5.4ms | ActiveRecord: 6.7ms)


Started POST "/api/user" for ::1 at 2020-01-07 15:37:30 -0800
Processing by Api::UsersController#create as JSON
  Parameters: {"user"=>{"email"=>"asd@yahoo.com", "password"=>"[FILTERED]"}}
  [1m[36mUser Load (0.2ms)[0m  [1m[34mSELECT  "users".* FROM "users" WHERE "users"."session_token" = $1 LIMIT $2[0m  [["session_token", "gV752bBkrnzKjwE6T8k1GA"], ["LIMIT", 1]]
  ↳ app/models/user.rb:43
  [1m[35m (0.1ms)[0m  [1m[35mBEGIN[0m
  ↳ app/controllers/api/users_controller.rb:5
  [1m[36mUser Exists (0.2ms)[0m  [1m[34mSELECT  1 AS one FROM "users" WHERE "users"."email" = $1 LIMIT $2[0m  [["email", "asd@yahoo.com"], ["LIMIT", 1]]
  ↳ app/controllers/api/users_controller.rb:5
  [1m[36mUser Create (0.2ms)[0m  [1m[32mINSERT INTO "users" ("email", "password_digest", "session_token", "created_at", "updated_at") VALUES ($1, $2, $3, $4, $5) RETURNING "id"[0m  [["email", "asd@yahoo.com"], ["password_digest", "$2a$12$L0GMfStNTr/KnUt7JGvvU.o/PFDm67XEH2lhzv9m20fQW4Rm20YJG"], ["session_token", "gV752bBkrnzKjwE6T8k1GA"], ["created_at", "2020-01-07 23:37:30.549013"], ["updated_at", "2020-01-07 23:37:30.549013"]]
  ↳ app/controllers/api/users_controller.rb:5
  [1m[35m (0.4ms)[0m  [1m[35mCOMMIT[0m
  ↳ app/controllers/api/users_controller.rb:5
  [1m[36mUser Load (0.1ms)[0m  [1m[34mSELECT  "users".* FROM "users" WHERE "users"."session_token" = $1 LIMIT $2[0m  [["session_token", "Kt_uXxnGPAZD6z04t_gKVA"], ["LIMIT", 1]]
  ↳ app/models/user.rb:43
  [1m[35m (0.1ms)[0m  [1m[35mBEGIN[0m
  ↳ app/models/user.rb:27
  [1m[36mUser Exists (0.2ms)[0m  [1m[34mSELECT  1 AS one FROM "users" WHERE "users"."email" = $1 AND "users"."id" != $2 LIMIT $3[0m  [["email", "asd@yahoo.com"], ["id", 3], ["LIMIT", 1]]
  ↳ app/models/user.rb:27
  [1m[36mUser Update (0.5ms)[0m  [1m[33mUPDATE "users" SET "session_token" = $1, "updated_at" = $2 WHERE "users"."id" = $3[0m  [["session_token", "Kt_uXxnGPAZD6z04t_gKVA"], ["updated_at", "2020-01-07 23:37:30.557638"], ["id", 3]]
  ↳ app/models/user.rb:27
  [1m[35m (0.3ms)[0m  [1m[35mCOMMIT[0m
  ↳ app/models/user.rb:27
Completed 500 Internal Server Error in 209ms (ActiveRecord: 2.3ms)



ActionView::MissingTemplate - Missing template api/user/show with {:locale=>[:en], :formats=>[:json], :variants=>[], :handlers=>[:raw, :erb, :html, :builder, :ruby, :coffee, :jbuilder]}. Searched in:
  * "/Users/cdang/Desktop/Etzieees/app/views"
:
  app/controllers/api/users_controller.rb:7:in `create'

Started GET "/" for ::1 at 2020-01-07 15:41:54 -0800
Processing by StaticPagesController#root as HTML
  Rendering static_pages/root.html.erb within layouts/application
  Rendered static_pages/root.html.erb within layouts/application (0.3ms)
Completed 200 OK in 18ms (Views: 16.2ms | ActiveRecord: 0.0ms)


Started POST "/api/user" for ::1 at 2020-01-07 15:41:56 -0800
Processing by Api::UsersController#create as JSON
  Parameters: {"user"=>{"email"=>"", "password"=>"[FILTERED]"}}
  [1m[36mUser Load (0.2ms)[0m  [1m[34mSELECT  "users".* FROM "users" WHERE "users"."session_token" = $1 LIMIT $2[0m  [["session_token", "Cwj5aob03B7nNn_VIA7xag"], ["LIMIT", 1]]
  ↳ app/models/user.rb:43
  [1m[35m (0.1ms)[0m  [1m[35mBEGIN[0m
  ↳ app/controllers/api/users_controller.rb:5
  [1m[36mUser Exists (0.3ms)[0m  [1m[34mSELECT  1 AS one FROM "users" WHERE "users"."email" = $1 LIMIT $2[0m  [["email", ""], ["LIMIT", 1]]
  ↳ app/controllers/api/users_controller.rb:5
  [1m[35m (0.1ms)[0m  [1m[31mROLLBACK[0m
  ↳ app/controllers/api/users_controller.rb:5
Completed 422 Unprocessable Entity in 201ms (Views: 0.1ms | ActiveRecord: 0.7ms)


